<?xml version="1.0" encoding="UTF-8"?>
<testsuite xmlns:xsi="http://www.w3.org/2001/XMLSchema-instance" xsi:noNamespaceSchemaLocation="https://maven.apache.org/surefire/maven-surefire-plugin/xsd/surefire-test-report.xsd" version="3.0.2" name="com.example.volunteerMatching.services.NotificationServiceTest" time="0.282" tests="3" errors="0" skipped="0" failures="0">
  <properties>
    <property name="java.specification.version" value="17"/>
    <property name="sun.jnu.encoding" value="UTF-8"/>
    <property name="java.class.path" value="/home/zballard/school/software/COSC4353-Project/back-end/match-api/target/test-classes:/home/zballard/school/software/COSC4353-Project/back-end/match-api/target/classes:/home/zballard/.m2/repository/org/springframework/boot/spring-boot-starter-web/3.5.0-M2/spring-boot-starter-web-3.5.0-M2.jar:/home/zballard/.m2/repository/org/springframework/boot/spring-boot-starter/3.5.0-M2/spring-boot-starter-3.5.0-M2.jar:/home/zballard/.m2/repository/org/springframework/boot/spring-boot/3.5.0-M2/spring-boot-3.5.0-M2.jar:/home/zballard/.m2/repository/org/springframework/boot/spring-boot-autoconfigure/3.5.0-M2/spring-boot-autoconfigure-3.5.0-M2.jar:/home/zballard/.m2/repository/org/springframework/boot/spring-boot-starter-logging/3.5.0-M2/spring-boot-starter-logging-3.5.0-M2.jar:/home/zballard/.m2/repository/ch/qos/logback/logback-classic/1.5.16/logback-classic-1.5.16.jar:/home/zballard/.m2/repository/ch/qos/logback/logback-core/1.5.16/logback-core-1.5.16.jar:/home/zballard/.m2/repository/org/apache/logging/log4j/log4j-to-slf4j/2.24.3/log4j-to-slf4j-2.24.3.jar:/home/zballard/.m2/repository/org/apache/logging/log4j/log4j-api/2.24.3/log4j-api-2.24.3.jar:/home/zballard/.m2/repository/org/slf4j/jul-to-slf4j/2.0.16/jul-to-slf4j-2.0.16.jar:/home/zballard/.m2/repository/jakarta/annotation/jakarta.annotation-api/2.1.1/jakarta.annotation-api-2.1.1.jar:/home/zballard/.m2/repository/org/yaml/snakeyaml/2.4/snakeyaml-2.4.jar:/home/zballard/.m2/repository/org/springframework/boot/spring-boot-starter-json/3.5.0-M2/spring-boot-starter-json-3.5.0-M2.jar:/home/zballard/.m2/repository/com/fasterxml/jackson/core/jackson-databind/2.18.2/jackson-databind-2.18.2.jar:/home/zballard/.m2/repository/com/fasterxml/jackson/core/jackson-annotations/2.18.2/jackson-annotations-2.18.2.jar:/home/zballard/.m2/repository/com/fasterxml/jackson/core/jackson-core/2.18.2/jackson-core-2.18.2.jar:/home/zballard/.m2/repository/com/fasterxml/jackson/datatype/jackson-datatype-jdk8/2.18.2/jackson-datatype-jdk8-2.18.2.jar:/home/zballard/.m2/repository/com/fasterxml/jackson/datatype/jackson-datatype-jsr310/2.18.2/jackson-datatype-jsr310-2.18.2.jar:/home/zballard/.m2/repository/com/fasterxml/jackson/module/jackson-module-parameter-names/2.18.2/jackson-module-parameter-names-2.18.2.jar:/home/zballard/.m2/repository/org/springframework/boot/spring-boot-starter-tomcat/3.5.0-M2/spring-boot-starter-tomcat-3.5.0-M2.jar:/home/zballard/.m2/repository/org/apache/tomcat/embed/tomcat-embed-core/10.1.36/tomcat-embed-core-10.1.36.jar:/home/zballard/.m2/repository/org/apache/tomcat/embed/tomcat-embed-el/10.1.36/tomcat-embed-el-10.1.36.jar:/home/zballard/.m2/repository/org/apache/tomcat/embed/tomcat-embed-websocket/10.1.36/tomcat-embed-websocket-10.1.36.jar:/home/zballard/.m2/repository/org/springframework/spring-web/6.2.3/spring-web-6.2.3.jar:/home/zballard/.m2/repository/org/springframework/spring-beans/6.2.3/spring-beans-6.2.3.jar:/home/zballard/.m2/repository/io/micrometer/micrometer-observation/1.15.0-M2/micrometer-observation-1.15.0-M2.jar:/home/zballard/.m2/repository/io/micrometer/micrometer-commons/1.15.0-M2/micrometer-commons-1.15.0-M2.jar:/home/zballard/.m2/repository/org/springframework/spring-webmvc/6.2.3/spring-webmvc-6.2.3.jar:/home/zballard/.m2/repository/org/springframework/spring-aop/6.2.3/spring-aop-6.2.3.jar:/home/zballard/.m2/repository/org/springframework/spring-context/6.2.3/spring-context-6.2.3.jar:/home/zballard/.m2/repository/org/springframework/spring-expression/6.2.3/spring-expression-6.2.3.jar:/home/zballard/.m2/repository/org/springframework/boot/spring-boot-starter-data-jpa/3.5.0-M2/spring-boot-starter-data-jpa-3.5.0-M2.jar:/home/zballard/.m2/repository/org/hibernate/orm/hibernate-core/6.6.8.Final/hibernate-core-6.6.8.Final.jar:/home/zballard/.m2/repository/jakarta/transaction/jakarta.transaction-api/2.0.1/jakarta.transaction-api-2.0.1.jar:/home/zballard/.m2/repository/org/jboss/logging/jboss-logging/3.6.1.Final/jboss-logging-3.6.1.Final.jar:/home/zballard/.m2/repository/org/hibernate/common/hibernate-commons-annotations/7.0.3.Final/hibernate-commons-annotations-7.0.3.Final.jar:/home/zballard/.m2/repository/io/smallrye/jandex/3.2.0/jandex-3.2.0.jar:/home/zballard/.m2/repository/com/fasterxml/classmate/1.7.0/classmate-1.7.0.jar:/home/zballard/.m2/repository/org/glassfish/jaxb/jaxb-runtime/4.0.5/jaxb-runtime-4.0.5.jar:/home/zballard/.m2/repository/org/glassfish/jaxb/jaxb-core/4.0.5/jaxb-core-4.0.5.jar:/home/zballard/.m2/repository/org/eclipse/angus/angus-activation/2.0.2/angus-activation-2.0.2.jar:/home/zballard/.m2/repository/org/glassfish/jaxb/txw2/4.0.5/txw2-4.0.5.jar:/home/zballard/.m2/repository/com/sun/istack/istack-commons-runtime/4.1.2/istack-commons-runtime-4.1.2.jar:/home/zballard/.m2/repository/jakarta/inject/jakarta.inject-api/2.0.1/jakarta.inject-api-2.0.1.jar:/home/zballard/.m2/repository/org/antlr/antlr4-runtime/4.13.0/antlr4-runtime-4.13.0.jar:/home/zballard/.m2/repository/org/springframework/data/spring-data-jpa/3.5.0-M1/spring-data-jpa-3.5.0-M1.jar:/home/zballard/.m2/repository/org/springframework/data/spring-data-commons/3.5.0-M1/spring-data-commons-3.5.0-M1.jar:/home/zballard/.m2/repository/org/springframework/spring-orm/6.2.3/spring-orm-6.2.3.jar:/home/zballard/.m2/repository/org/springframework/spring-tx/6.2.3/spring-tx-6.2.3.jar:/home/zballard/.m2/repository/org/slf4j/slf4j-api/2.0.16/slf4j-api-2.0.16.jar:/home/zballard/.m2/repository/org/springframework/spring-aspects/6.2.3/spring-aspects-6.2.3.jar:/home/zballard/.m2/repository/org/aspectj/aspectjweaver/1.9.22.1/aspectjweaver-1.9.22.1.jar:/home/zballard/.m2/repository/org/springframework/boot/spring-boot-starter-jdbc/3.5.0-M2/spring-boot-starter-jdbc-3.5.0-M2.jar:/home/zballard/.m2/repository/com/zaxxer/HikariCP/6.2.1/HikariCP-6.2.1.jar:/home/zballard/.m2/repository/org/springframework/spring-jdbc/6.2.3/spring-jdbc-6.2.3.jar:/home/zballard/.m2/repository/jakarta/persistence/jakarta.persistence-api/3.1.0/jakarta.persistence-api-3.1.0.jar:/home/zballard/.m2/repository/jakarta/validation/jakarta.validation-api/3.0.2/jakarta.validation-api-3.0.2.jar:/home/zballard/.m2/repository/com/h2database/h2/2.3.232/h2-2.3.232.jar:/home/zballard/.m2/repository/org/springframework/boot/spring-boot-starter-test/3.5.0-M2/spring-boot-starter-test-3.5.0-M2.jar:/home/zballard/.m2/repository/org/springframework/boot/spring-boot-test/3.5.0-M2/spring-boot-test-3.5.0-M2.jar:/home/zballard/.m2/repository/org/springframework/boot/spring-boot-test-autoconfigure/3.5.0-M2/spring-boot-test-autoconfigure-3.5.0-M2.jar:/home/zballard/.m2/repository/com/jayway/jsonpath/json-path/2.9.0/json-path-2.9.0.jar:/home/zballard/.m2/repository/jakarta/xml/bind/jakarta.xml.bind-api/4.0.2/jakarta.xml.bind-api-4.0.2.jar:/home/zballard/.m2/repository/jakarta/activation/jakarta.activation-api/2.1.3/jakarta.activation-api-2.1.3.jar:/home/zballard/.m2/repository/net/minidev/json-smart/2.5.2/json-smart-2.5.2.jar:/home/zballard/.m2/repository/net/minidev/accessors-smart/2.5.2/accessors-smart-2.5.2.jar:/home/zballard/.m2/repository/org/ow2/asm/asm/9.7.1/asm-9.7.1.jar:/home/zballard/.m2/repository/org/assertj/assertj-core/3.27.3/assertj-core-3.27.3.jar:/home/zballard/.m2/repository/org/awaitility/awaitility/4.2.2/awaitility-4.2.2.jar:/home/zballard/.m2/repository/org/hamcrest/hamcrest/3.0/hamcrest-3.0.jar:/home/zballard/.m2/repository/org/junit/jupiter/junit-jupiter/5.11.4/junit-jupiter-5.11.4.jar:/home/zballard/.m2/repository/org/junit/jupiter/junit-jupiter-params/5.11.4/junit-jupiter-params-5.11.4.jar:/home/zballard/.m2/repository/org/mockito/mockito-junit-jupiter/5.15.2/mockito-junit-jupiter-5.15.2.jar:/home/zballard/.m2/repository/org/skyscreamer/jsonassert/1.5.3/jsonassert-1.5.3.jar:/home/zballard/.m2/repository/com/vaadin/external/google/android-json/0.0.20131108.vaadin1/android-json-0.0.20131108.vaadin1.jar:/home/zballard/.m2/repository/org/springframework/spring-core/6.2.3/spring-core-6.2.3.jar:/home/zballard/.m2/repository/org/springframework/spring-jcl/6.2.3/spring-jcl-6.2.3.jar:/home/zballard/.m2/repository/org/springframework/spring-test/6.2.3/spring-test-6.2.3.jar:/home/zballard/.m2/repository/org/xmlunit/xmlunit-core/2.10.0/xmlunit-core-2.10.0.jar:/home/zballard/.m2/repository/org/junit/jupiter/junit-jupiter-api/5.11.4/junit-jupiter-api-5.11.4.jar:/home/zballard/.m2/repository/org/opentest4j/opentest4j/1.3.0/opentest4j-1.3.0.jar:/home/zballard/.m2/repository/org/junit/platform/junit-platform-commons/1.11.4/junit-platform-commons-1.11.4.jar:/home/zballard/.m2/repository/org/apiguardian/apiguardian-api/1.1.2/apiguardian-api-1.1.2.jar:/home/zballard/.m2/repository/org/mockito/mockito-core/5.15.2/mockito-core-5.15.2.jar:/home/zballard/.m2/repository/net/bytebuddy/byte-buddy/1.17.1/byte-buddy-1.17.1.jar:/home/zballard/.m2/repository/net/bytebuddy/byte-buddy-agent/1.17.1/byte-buddy-agent-1.17.1.jar:/home/zballard/.m2/repository/org/objenesis/objenesis/3.3/objenesis-3.3.jar:/home/zballard/.m2/repository/org/junit/jupiter/junit-jupiter-engine/5.11.4/junit-jupiter-engine-5.11.4.jar:/home/zballard/.m2/repository/org/junit/platform/junit-platform-engine/1.11.4/junit-platform-engine-1.11.4.jar:"/>
    <property name="java.vm.vendor" value="Amazon.com Inc."/>
    <property name="sun.arch.data.model" value="64"/>
    <property name="java.vendor.url" value="https://aws.amazon.com/corretto/"/>
    <property name="user.timezone" value="America/Chicago"/>
    <property name="os.name" value="Linux"/>
    <property name="java.vm.specification.version" value="17"/>
    <property name="sun.java.launcher" value="SUN_STANDARD"/>
    <property name="sun.boot.library.path" value="/usr/lib/jvm/java-17-amazon-corretto/lib"/>
    <property name="sun.java.command" value="/home/zballard/school/software/COSC4353-Project/back-end/match-api/target/surefire/surefirebooter-20250318141853359_3.jar /home/zballard/school/software/COSC4353-Project/back-end/match-api/target/surefire 2025-03-18T14-18-53_253-jvmRun1 surefire-20250318141853359_1tmp surefire_0-20250318141853359_2tmp"/>
    <property name="jdk.debug" value="release"/>
    <property name="surefire.test.class.path" value="/home/zballard/school/software/COSC4353-Project/back-end/match-api/target/test-classes:/home/zballard/school/software/COSC4353-Project/back-end/match-api/target/classes:/home/zballard/.m2/repository/org/springframework/boot/spring-boot-starter-web/3.5.0-M2/spring-boot-starter-web-3.5.0-M2.jar:/home/zballard/.m2/repository/org/springframework/boot/spring-boot-starter/3.5.0-M2/spring-boot-starter-3.5.0-M2.jar:/home/zballard/.m2/repository/org/springframework/boot/spring-boot/3.5.0-M2/spring-boot-3.5.0-M2.jar:/home/zballard/.m2/repository/org/springframework/boot/spring-boot-autoconfigure/3.5.0-M2/spring-boot-autoconfigure-3.5.0-M2.jar:/home/zballard/.m2/repository/org/springframework/boot/spring-boot-starter-logging/3.5.0-M2/spring-boot-starter-logging-3.5.0-M2.jar:/home/zballard/.m2/repository/ch/qos/logback/logback-classic/1.5.16/logback-classic-1.5.16.jar:/home/zballard/.m2/repository/ch/qos/logback/logback-core/1.5.16/logback-core-1.5.16.jar:/home/zballard/.m2/repository/org/apache/logging/log4j/log4j-to-slf4j/2.24.3/log4j-to-slf4j-2.24.3.jar:/home/zballard/.m2/repository/org/apache/logging/log4j/log4j-api/2.24.3/log4j-api-2.24.3.jar:/home/zballard/.m2/repository/org/slf4j/jul-to-slf4j/2.0.16/jul-to-slf4j-2.0.16.jar:/home/zballard/.m2/repository/jakarta/annotation/jakarta.annotation-api/2.1.1/jakarta.annotation-api-2.1.1.jar:/home/zballard/.m2/repository/org/yaml/snakeyaml/2.4/snakeyaml-2.4.jar:/home/zballard/.m2/repository/org/springframework/boot/spring-boot-starter-json/3.5.0-M2/spring-boot-starter-json-3.5.0-M2.jar:/home/zballard/.m2/repository/com/fasterxml/jackson/core/jackson-databind/2.18.2/jackson-databind-2.18.2.jar:/home/zballard/.m2/repository/com/fasterxml/jackson/core/jackson-annotations/2.18.2/jackson-annotations-2.18.2.jar:/home/zballard/.m2/repository/com/fasterxml/jackson/core/jackson-core/2.18.2/jackson-core-2.18.2.jar:/home/zballard/.m2/repository/com/fasterxml/jackson/datatype/jackson-datatype-jdk8/2.18.2/jackson-datatype-jdk8-2.18.2.jar:/home/zballard/.m2/repository/com/fasterxml/jackson/datatype/jackson-datatype-jsr310/2.18.2/jackson-datatype-jsr310-2.18.2.jar:/home/zballard/.m2/repository/com/fasterxml/jackson/module/jackson-module-parameter-names/2.18.2/jackson-module-parameter-names-2.18.2.jar:/home/zballard/.m2/repository/org/springframework/boot/spring-boot-starter-tomcat/3.5.0-M2/spring-boot-starter-tomcat-3.5.0-M2.jar:/home/zballard/.m2/repository/org/apache/tomcat/embed/tomcat-embed-core/10.1.36/tomcat-embed-core-10.1.36.jar:/home/zballard/.m2/repository/org/apache/tomcat/embed/tomcat-embed-el/10.1.36/tomcat-embed-el-10.1.36.jar:/home/zballard/.m2/repository/org/apache/tomcat/embed/tomcat-embed-websocket/10.1.36/tomcat-embed-websocket-10.1.36.jar:/home/zballard/.m2/repository/org/springframework/spring-web/6.2.3/spring-web-6.2.3.jar:/home/zballard/.m2/repository/org/springframework/spring-beans/6.2.3/spring-beans-6.2.3.jar:/home/zballard/.m2/repository/io/micrometer/micrometer-observation/1.15.0-M2/micrometer-observation-1.15.0-M2.jar:/home/zballard/.m2/repository/io/micrometer/micrometer-commons/1.15.0-M2/micrometer-commons-1.15.0-M2.jar:/home/zballard/.m2/repository/org/springframework/spring-webmvc/6.2.3/spring-webmvc-6.2.3.jar:/home/zballard/.m2/repository/org/springframework/spring-aop/6.2.3/spring-aop-6.2.3.jar:/home/zballard/.m2/repository/org/springframework/spring-context/6.2.3/spring-context-6.2.3.jar:/home/zballard/.m2/repository/org/springframework/spring-expression/6.2.3/spring-expression-6.2.3.jar:/home/zballard/.m2/repository/org/springframework/boot/spring-boot-starter-data-jpa/3.5.0-M2/spring-boot-starter-data-jpa-3.5.0-M2.jar:/home/zballard/.m2/repository/org/hibernate/orm/hibernate-core/6.6.8.Final/hibernate-core-6.6.8.Final.jar:/home/zballard/.m2/repository/jakarta/transaction/jakarta.transaction-api/2.0.1/jakarta.transaction-api-2.0.1.jar:/home/zballard/.m2/repository/org/jboss/logging/jboss-logging/3.6.1.Final/jboss-logging-3.6.1.Final.jar:/home/zballard/.m2/repository/org/hibernate/common/hibernate-commons-annotations/7.0.3.Final/hibernate-commons-annotations-7.0.3.Final.jar:/home/zballard/.m2/repository/io/smallrye/jandex/3.2.0/jandex-3.2.0.jar:/home/zballard/.m2/repository/com/fasterxml/classmate/1.7.0/classmate-1.7.0.jar:/home/zballard/.m2/repository/org/glassfish/jaxb/jaxb-runtime/4.0.5/jaxb-runtime-4.0.5.jar:/home/zballard/.m2/repository/org/glassfish/jaxb/jaxb-core/4.0.5/jaxb-core-4.0.5.jar:/home/zballard/.m2/repository/org/eclipse/angus/angus-activation/2.0.2/angus-activation-2.0.2.jar:/home/zballard/.m2/repository/org/glassfish/jaxb/txw2/4.0.5/txw2-4.0.5.jar:/home/zballard/.m2/repository/com/sun/istack/istack-commons-runtime/4.1.2/istack-commons-runtime-4.1.2.jar:/home/zballard/.m2/repository/jakarta/inject/jakarta.inject-api/2.0.1/jakarta.inject-api-2.0.1.jar:/home/zballard/.m2/repository/org/antlr/antlr4-runtime/4.13.0/antlr4-runtime-4.13.0.jar:/home/zballard/.m2/repository/org/springframework/data/spring-data-jpa/3.5.0-M1/spring-data-jpa-3.5.0-M1.jar:/home/zballard/.m2/repository/org/springframework/data/spring-data-commons/3.5.0-M1/spring-data-commons-3.5.0-M1.jar:/home/zballard/.m2/repository/org/springframework/spring-orm/6.2.3/spring-orm-6.2.3.jar:/home/zballard/.m2/repository/org/springframework/spring-tx/6.2.3/spring-tx-6.2.3.jar:/home/zballard/.m2/repository/org/slf4j/slf4j-api/2.0.16/slf4j-api-2.0.16.jar:/home/zballard/.m2/repository/org/springframework/spring-aspects/6.2.3/spring-aspects-6.2.3.jar:/home/zballard/.m2/repository/org/aspectj/aspectjweaver/1.9.22.1/aspectjweaver-1.9.22.1.jar:/home/zballard/.m2/repository/org/springframework/boot/spring-boot-starter-jdbc/3.5.0-M2/spring-boot-starter-jdbc-3.5.0-M2.jar:/home/zballard/.m2/repository/com/zaxxer/HikariCP/6.2.1/HikariCP-6.2.1.jar:/home/zballard/.m2/repository/org/springframework/spring-jdbc/6.2.3/spring-jdbc-6.2.3.jar:/home/zballard/.m2/repository/jakarta/persistence/jakarta.persistence-api/3.1.0/jakarta.persistence-api-3.1.0.jar:/home/zballard/.m2/repository/jakarta/validation/jakarta.validation-api/3.0.2/jakarta.validation-api-3.0.2.jar:/home/zballard/.m2/repository/com/h2database/h2/2.3.232/h2-2.3.232.jar:/home/zballard/.m2/repository/org/springframework/boot/spring-boot-starter-test/3.5.0-M2/spring-boot-starter-test-3.5.0-M2.jar:/home/zballard/.m2/repository/org/springframework/boot/spring-boot-test/3.5.0-M2/spring-boot-test-3.5.0-M2.jar:/home/zballard/.m2/repository/org/springframework/boot/spring-boot-test-autoconfigure/3.5.0-M2/spring-boot-test-autoconfigure-3.5.0-M2.jar:/home/zballard/.m2/repository/com/jayway/jsonpath/json-path/2.9.0/json-path-2.9.0.jar:/home/zballard/.m2/repository/jakarta/xml/bind/jakarta.xml.bind-api/4.0.2/jakarta.xml.bind-api-4.0.2.jar:/home/zballard/.m2/repository/jakarta/activation/jakarta.activation-api/2.1.3/jakarta.activation-api-2.1.3.jar:/home/zballard/.m2/repository/net/minidev/json-smart/2.5.2/json-smart-2.5.2.jar:/home/zballard/.m2/repository/net/minidev/accessors-smart/2.5.2/accessors-smart-2.5.2.jar:/home/zballard/.m2/repository/org/ow2/asm/asm/9.7.1/asm-9.7.1.jar:/home/zballard/.m2/repository/org/assertj/assertj-core/3.27.3/assertj-core-3.27.3.jar:/home/zballard/.m2/repository/org/awaitility/awaitility/4.2.2/awaitility-4.2.2.jar:/home/zballard/.m2/repository/org/hamcrest/hamcrest/3.0/hamcrest-3.0.jar:/home/zballard/.m2/repository/org/junit/jupiter/junit-jupiter/5.11.4/junit-jupiter-5.11.4.jar:/home/zballard/.m2/repository/org/junit/jupiter/junit-jupiter-params/5.11.4/junit-jupiter-params-5.11.4.jar:/home/zballard/.m2/repository/org/mockito/mockito-junit-jupiter/5.15.2/mockito-junit-jupiter-5.15.2.jar:/home/zballard/.m2/repository/org/skyscreamer/jsonassert/1.5.3/jsonassert-1.5.3.jar:/home/zballard/.m2/repository/com/vaadin/external/google/android-json/0.0.20131108.vaadin1/android-json-0.0.20131108.vaadin1.jar:/home/zballard/.m2/repository/org/springframework/spring-core/6.2.3/spring-core-6.2.3.jar:/home/zballard/.m2/repository/org/springframework/spring-jcl/6.2.3/spring-jcl-6.2.3.jar:/home/zballard/.m2/repository/org/springframework/spring-test/6.2.3/spring-test-6.2.3.jar:/home/zballard/.m2/repository/org/xmlunit/xmlunit-core/2.10.0/xmlunit-core-2.10.0.jar:/home/zballard/.m2/repository/org/junit/jupiter/junit-jupiter-api/5.11.4/junit-jupiter-api-5.11.4.jar:/home/zballard/.m2/repository/org/opentest4j/opentest4j/1.3.0/opentest4j-1.3.0.jar:/home/zballard/.m2/repository/org/junit/platform/junit-platform-commons/1.11.4/junit-platform-commons-1.11.4.jar:/home/zballard/.m2/repository/org/apiguardian/apiguardian-api/1.1.2/apiguardian-api-1.1.2.jar:/home/zballard/.m2/repository/org/mockito/mockito-core/5.15.2/mockito-core-5.15.2.jar:/home/zballard/.m2/repository/net/bytebuddy/byte-buddy/1.17.1/byte-buddy-1.17.1.jar:/home/zballard/.m2/repository/net/bytebuddy/byte-buddy-agent/1.17.1/byte-buddy-agent-1.17.1.jar:/home/zballard/.m2/repository/org/objenesis/objenesis/3.3/objenesis-3.3.jar:/home/zballard/.m2/repository/org/junit/jupiter/junit-jupiter-engine/5.11.4/junit-jupiter-engine-5.11.4.jar:/home/zballard/.m2/repository/org/junit/platform/junit-platform-engine/1.11.4/junit-platform-engine-1.11.4.jar:"/>
    <property name="sun.cpu.endian" value="little"/>
    <property name="user.home" value="/home/zballard"/>
    <property name="user.language" value="en"/>
    <property name="java.specification.vendor" value="Oracle Corporation"/>
    <property name="java.version.date" value="2025-01-21"/>
    <property name="java.home" value="/usr/lib/jvm/java-17-amazon-corretto"/>
    <property name="file.separator" value="/"/>
    <property name="basedir" value="/home/zballard/school/software/COSC4353-Project/back-end/match-api"/>
    <property name="java.vm.compressedOopsMode" value="32-bit"/>
    <property name="line.separator" value="&#10;"/>
    <property name="java.specification.name" value="Java Platform API Specification"/>
    <property name="java.vm.specification.vendor" value="Oracle Corporation"/>
    <property name="surefire.real.class.path" value="/home/zballard/school/software/COSC4353-Project/back-end/match-api/target/surefire/surefirebooter-20250318141853359_3.jar"/>
    <property name="sun.management.compiler" value="HotSpot 64-Bit Tiered Compilers"/>
    <property name="java.runtime.version" value="17.0.14+7-LTS"/>
    <property name="user.name" value="zballard"/>
    <property name="path.separator" value=":"/>
    <property name="os.version" value="5.15.146.1-microsoft-standard-WSL2"/>
    <property name="java.runtime.name" value="OpenJDK Runtime Environment"/>
    <property name="file.encoding" value="UTF-8"/>
    <property name="java.vm.name" value="OpenJDK 64-Bit Server VM"/>
    <property name="java.vendor.version" value="Corretto-17.0.14.7.1"/>
    <property name="localRepository" value="/home/zballard/.m2/repository"/>
    <property name="java.vendor.url.bug" value="https://github.com/corretto/corretto-17/issues/"/>
    <property name="java.io.tmpdir" value="/tmp"/>
    <property name="java.version" value="17.0.14"/>
    <property name="user.dir" value="/home/zballard/school/software/COSC4353-Project/back-end/match-api"/>
    <property name="os.arch" value="amd64"/>
    <property name="java.vm.specification.name" value="Java Virtual Machine Specification"/>
    <property name="native.encoding" value="UTF-8"/>
    <property name="java.library.path" value="/usr/java/packages/lib:/usr/lib64:/lib64:/lib:/usr/lib"/>
    <property name="java.vm.info" value="mixed mode, sharing"/>
    <property name="java.vendor" value="Amazon.com Inc."/>
    <property name="java.vm.version" value="17.0.14+7-LTS"/>
    <property name="java.specification.maintenance.version" value="1"/>
    <property name="sun.io.unicode.encoding" value="UnicodeLittle"/>
    <property name="java.class.version" value="61.0"/>
  </properties>
  <testcase name="testAddNotification" classname="com.example.volunteerMatching.services.NotificationServiceTest" time="0.269"/>
  <testcase name="testGetAllNotifications" classname="com.example.volunteerMatching.services.NotificationServiceTest" time="0.004"/>
  <testcase name="testGetNotificationsByType" classname="com.example.volunteerMatching.services.NotificationServiceTest" time="0.004"/>
</testsuite>